Library/Bee/Android/Prj/IL2CPP/Gradle/launcher/build/intermediates/manifest_merge_blame_file/release/processReleaseMainManifest/manifest-merger-blame-release-report.txt
1<?xml version="1.0" encoding="utf-8"?>
2<manifest xmlns:android="http://schemas.android.com/apk/res/android"
3    package="com.DefaultCompany.Homework0"
4    android:installLocation="preferExternal"
5    android:versionCode="1"
6    android:versionName="1.0" >
7
8    <uses-sdk
9        android:minSdkVersion="23"
10        android:targetSdkVersion="35" />
11
12    <supports-screens
12-->src\main\AndroidManifest.xml:4:3-163
13        android:anyDensity="true"
13-->src\main\AndroidManifest.xml:4:135-160
14        android:largeScreens="true"
14-->src\main\AndroidManifest.xml:4:78-105
15        android:normalScreens="true"
15-->src\main\AndroidManifest.xml:4:49-77
16        android:smallScreens="true"
16-->src\main\AndroidManifest.xml:4:21-48
17        android:xlargeScreens="true" />
17-->src\main\AndroidManifest.xml:4:106-134
18
19    <uses-permission android:name="android.permission.INTERNET" />
19-->[:unityLibrary] AndroidManifest.xml:8:5-67
19-->[:unityLibrary] AndroidManifest.xml:8:22-64
20
21    <uses-feature android:glEsVersion="0x00030000" />
21-->[:unityLibrary] AndroidManifest.xml:10:5-54
21-->[:unityLibrary] AndroidManifest.xml:10:19-51
22    <uses-feature
22-->[:unityLibrary] AndroidManifest.xml:11:5-13:36
23        android:name="android.hardware.vulkan.version"
23-->[:unityLibrary] AndroidManifest.xml:12:9-55
24        android:required="false" />
24-->[:unityLibrary] AndroidManifest.xml:13:9-33
25    <uses-feature
25-->[:unityLibrary] AndroidManifest.xml:14:5-16:36
26        android:name="android.hardware.touchscreen"
26-->[:unityLibrary] AndroidManifest.xml:15:9-52
27        android:required="false" />
27-->[:unityLibrary] AndroidManifest.xml:16:9-33
28    <uses-feature
28-->[:unityLibrary] AndroidManifest.xml:17:5-19:36
29        android:name="android.hardware.touchscreen.multitouch"
29-->[:unityLibrary] AndroidManifest.xml:18:9-63
30        android:required="false" />
30-->[:unityLibrary] AndroidManifest.xml:19:9-33
31    <uses-feature
31-->[:unityLibrary] AndroidManifest.xml:20:5-22:36
32        android:name="android.hardware.touchscreen.multitouch.distinct"
32-->[:unityLibrary] AndroidManifest.xml:21:9-72
33        android:required="false" />
33-->[:unityLibrary] AndroidManifest.xml:22:9-33
34
35    <permission
35-->[androidx.core:core:1.9.0] AndroidManifest.xml:22:5-24:47
36        android:name="com.DefaultCompany.Homework0.DYNAMIC_RECEIVER_NOT_EXPORTED_PERMISSION"
36-->[androidx.core:core:1.9.0] AndroidManifest.xml:23:9-81
37        android:protectionLevel="signature" />
37-->[androidx.core:core:1.9.0] AndroidManifest.xml:24:9-44
38
39    <uses-permission android:name="com.DefaultCompany.Homework0.DYNAMIC_RECEIVER_NOT_EXPORTED_PERMISSION" />
39-->[androidx.core:core:1.9.0] AndroidManifest.xml:26:5-97
39-->[androidx.core:core:1.9.0] AndroidManifest.xml:26:22-94
40
41    <application
41-->src\main\AndroidManifest.xml:3:3-83
42        android:appComponentFactory="androidx.core.app.CoreComponentFactory"
42-->[androidx.core:core:1.9.0] AndroidManifest.xml:28:18-86
43        android:enableOnBackInvokedCallback="false"
43-->[:unityLibrary] AndroidManifest.xml:25:9-52
44        android:extractNativeLibs="true"
45        android:icon="@mipmap/app_icon"
45-->src\main\AndroidManifest.xml:3:16-47
46        android:label="@string/app_name" >
46-->src\main\AndroidManifest.xml:3:48-80
47        <meta-data
47-->[:unityLibrary] AndroidManifest.xml:27:9-29:33
48            android:name="unity.splash-mode"
48-->[:unityLibrary] AndroidManifest.xml:28:13-45
49            android:value="0" />
49-->[:unityLibrary] AndroidManifest.xml:29:13-30
50        <meta-data
50-->[:unityLibrary] AndroidManifest.xml:30:9-32:36
51            android:name="unity.splash-enable"
51-->[:unityLibrary] AndroidManifest.xml:31:13-47
52            android:value="True" />
52-->[:unityLibrary] AndroidManifest.xml:32:13-33
53        <meta-data
53-->[:unityLibrary] AndroidManifest.xml:33:9-35:36
54            android:name="unity.launch-fullscreen"
54-->[:unityLibrary] AndroidManifest.xml:34:13-51
55            android:value="True" />
55-->[:unityLibrary] AndroidManifest.xml:35:13-33
56        <meta-data
56-->[:unityLibrary] AndroidManifest.xml:36:9-38:36
57            android:name="unity.render-outside-safearea"
57-->[:unityLibrary] AndroidManifest.xml:37:13-57
58            android:value="True" />
58-->[:unityLibrary] AndroidManifest.xml:38:13-33
59        <meta-data
59-->[:unityLibrary] AndroidManifest.xml:39:9-41:50
60            android:name="notch.config"
60-->[:unityLibrary] AndroidManifest.xml:40:13-40
61            android:value="portrait|landscape" />
61-->[:unityLibrary] AndroidManifest.xml:41:13-47
62        <meta-data
62-->[:unityLibrary] AndroidManifest.xml:42:9-44:36
63            android:name="unity.auto-report-fully-drawn"
63-->[:unityLibrary] AndroidManifest.xml:43:13-57
64            android:value="true" />
64-->[:unityLibrary] AndroidManifest.xml:44:13-33
65        <meta-data
65-->[:unityLibrary] AndroidManifest.xml:45:9-47:36
66            android:name="unity.auto-set-game-state"
66-->[:unityLibrary] AndroidManifest.xml:46:13-53
67            android:value="true" />
67-->[:unityLibrary] AndroidManifest.xml:47:13-33
68        <meta-data
68-->[:unityLibrary] AndroidManifest.xml:48:9-50:36
69            android:name="unity.strip-engine-code"
69-->[:unityLibrary] AndroidManifest.xml:49:13-51
70            android:value="true" />
70-->[:unityLibrary] AndroidManifest.xml:50:13-33
71
72        <activity
72-->[:unityLibrary] AndroidManifest.xml:52:9-83:20
73            android:name="com.unity3d.player.UnityPlayerGameActivity"
73-->[:unityLibrary] AndroidManifest.xml:53:13-70
74            android:configChanges="mcc|mnc|locale|touchscreen|keyboard|keyboardHidden|navigation|orientation|screenLayout|uiMode|screenSize|smallestScreenSize|fontScale|layoutDirection|density"
74-->[:unityLibrary] AndroidManifest.xml:54:13-194
75            android:enabled="true"
75-->[:unityLibrary] AndroidManifest.xml:55:13-35
76            android:exported="true"
76-->[:unityLibrary] AndroidManifest.xml:56:13-36
77            android:hardwareAccelerated="false"
77-->[:unityLibrary] AndroidManifest.xml:57:13-48
78            android:launchMode="singleTask"
78-->[:unityLibrary] AndroidManifest.xml:58:13-44
79            android:resizeableActivity="true"
79-->[:unityLibrary] AndroidManifest.xml:59:13-46
80            android:screenOrientation="fullUser"
80-->[:unityLibrary] AndroidManifest.xml:60:13-49
81            android:theme="@style/BaseUnityGameActivityTheme" >
81-->[:unityLibrary] AndroidManifest.xml:61:13-62
82            <intent-filter>
82-->[:unityLibrary] AndroidManifest.xml:62:13-66:29
83                <category android:name="android.intent.category.LAUNCHER" />
83-->[:unityLibrary] AndroidManifest.xml:63:17-77
83-->[:unityLibrary] AndroidManifest.xml:63:27-74
84
85                <action android:name="android.intent.action.MAIN" />
85-->[:unityLibrary] AndroidManifest.xml:65:17-69
85-->[:unityLibrary] AndroidManifest.xml:65:25-66
86            </intent-filter>
87
88            <meta-data
88-->[:unityLibrary] AndroidManifest.xml:68:13-70:40
89                android:name="unityplayer.UnityActivity"
89-->[:unityLibrary] AndroidManifest.xml:69:17-57
90                android:value="true" />
90-->[:unityLibrary] AndroidManifest.xml:70:17-37
91            <meta-data
91-->[:unityLibrary] AndroidManifest.xml:71:13-73:40
92                android:name="android.app.lib_name"
92-->[:unityLibrary] AndroidManifest.xml:72:17-52
93                android:value="game" />
93-->[:unityLibrary] AndroidManifest.xml:73:17-37
94            <meta-data
94-->[:unityLibrary] AndroidManifest.xml:74:13-76:71
95                android:name="WindowManagerPreference:FreeformWindowSize"
95-->[:unityLibrary] AndroidManifest.xml:75:17-74
96                android:value="@string/FreeformWindowSize_maximize" />
96-->[:unityLibrary] AndroidManifest.xml:76:17-68
97            <meta-data
97-->[:unityLibrary] AndroidManifest.xml:77:13-79:79
98                android:name="WindowManagerPreference:FreeformWindowOrientation"
98-->[:unityLibrary] AndroidManifest.xml:78:17-81
99                android:value="@string/FreeformWindowOrientation_landscape" />
99-->[:unityLibrary] AndroidManifest.xml:79:17-76
100            <meta-data
100-->[:unityLibrary] AndroidManifest.xml:80:13-82:40
101                android:name="notch_support"
101-->[:unityLibrary] AndroidManifest.xml:81:17-45
102                android:value="true" />
102-->[:unityLibrary] AndroidManifest.xml:82:17-37
103        </activity>
104
105        <provider
105-->[androidx.emoji2:emoji2:1.2.0] AndroidManifest.xml:24:9-32:20
106            android:name="androidx.startup.InitializationProvider"
106-->[androidx.emoji2:emoji2:1.2.0] AndroidManifest.xml:25:13-67
107            android:authorities="com.DefaultCompany.Homework0.androidx-startup"
107-->[androidx.emoji2:emoji2:1.2.0] AndroidManifest.xml:26:13-68
108            android:exported="false" >
108-->[androidx.emoji2:emoji2:1.2.0] AndroidManifest.xml:27:13-37
109            <meta-data
109-->[androidx.emoji2:emoji2:1.2.0] AndroidManifest.xml:29:13-31:52
110                android:name="androidx.emoji2.text.EmojiCompatInitializer"
110-->[androidx.emoji2:emoji2:1.2.0] AndroidManifest.xml:30:17-75
111                android:value="androidx.startup" />
111-->[androidx.emoji2:emoji2:1.2.0] AndroidManifest.xml:31:17-49
112            <meta-data
112-->[androidx.lifecycle:lifecycle-process:2.4.1] AndroidManifest.xml:31:13-33:52
113                android:name="androidx.lifecycle.ProcessLifecycleInitializer"
113-->[androidx.lifecycle:lifecycle-process:2.4.1] AndroidManifest.xml:32:17-78
114                android:value="androidx.startup" />
114-->[androidx.lifecycle:lifecycle-process:2.4.1] AndroidManifest.xml:33:17-49
115        </provider>
116    </application>
117
118</manifest>